11:42:05,711 (AWT-EventQueue-0) INFO  [uniandes.isis2304.parranderos.negocio.Parranderos] - Limpiando la BD de Parranderos
11:42:05,809 (AWT-EventQueue-0) INFO  [uniandes.isis2304.parranderos.persistencia.PersistenciaParranderos] - Borrada la base de datos
11:42:05,810 (AWT-EventQueue-0) INFO  [uniandes.isis2304.parranderos.negocio.Parranderos] - Limpiando la BD de Parranderos: Listo!
11:06:42,192 (main) INFO  [uniandes.isis2304.parranderos.interfazApp.InterfazEPSAndesApp] - Se encontró un archivo de configuración válido: Interfaz
11:06:42,208 (main) INFO  [uniandes.isis2304.parranderos.interfazApp.InterfazEPSAndesApp] - Se aplica configuración indicada en el archivo de configuración
11:07:34,938 (main) INFO  [uniandes.isis2304.parranderos.interfazApp.InterfazEPSAndesApp] - Se encontró un archivo de configuración válido: Interfaz
11:07:34,939 (main) INFO  [uniandes.isis2304.parranderos.interfazApp.InterfazEPSAndesApp] - Se aplica configuración indicada en el archivo de configuración
11:07:53,412 (main) INFO  [uniandes.isis2304.parranderos.interfazApp.InterfazEPSAndesApp] - Se encontró un archivo de configuración válido: Interfaz
11:07:53,414 (main) INFO  [uniandes.isis2304.parranderos.interfazApp.InterfazEPSAndesApp] - Se aplica configuración indicada en el archivo de configuración
15:21:49,747 (main) INFO  [uniandes.isis2304.parranderos.interfazApp.InterfazEPSAndesApp] - Se encontró un archivo de configuración válido: Interfaz
15:21:49,764 (main) INFO  [uniandes.isis2304.parranderos.interfazApp.InterfazEPSAndesApp] - Se aplica configuración indicada en el archivo de configuración
15:23:18,752 (main) INFO  [uniandes.isis2304.parranderos.interfazApp.InterfazEPSAndesApp] - Se encontró un archivo de configuración válido: Interfaz
15:23:18,753 (main) INFO  [uniandes.isis2304.parranderos.interfazApp.InterfazEPSAndesApp] - Se aplica configuración indicada en el archivo de configuración
15:24:05,990 (main) INFO  [uniandes.isis2304.parranderos.interfazApp.InterfazEPSAndesApp] - Se encontró un archivo de configuración válido: Interfaz
15:24:05,991 (main) INFO  [uniandes.isis2304.parranderos.interfazApp.InterfazEPSAndesApp] - Se aplica configuración indicada en el archivo de configuración
15:26:07,640 (main) INFO  [uniandes.isis2304.parranderos.interfazApp.InterfazEPSAndesApp] - Se encontró un archivo de configuración válido: Interfaz
15:26:07,641 (main) INFO  [uniandes.isis2304.parranderos.interfazApp.InterfazEPSAndesApp] - Se aplica configuración indicada en el archivo de configuración
15:27:19,098 (main) INFO  [uniandes.isis2304.parranderos.interfazApp.InterfazEPSAndesApp] - Se encontró un archivo de configuración válido: Interfaz
15:27:19,099 (main) INFO  [uniandes.isis2304.parranderos.interfazApp.InterfazEPSAndesApp] - Se aplica configuración indicada en el archivo de configuración
15:37:24,782 (main) INFO  [uniandes.isis2304.parranderos.interfazApp.InterfazEPSAndesApp] - Se encontró un archivo de configuración válido: Interfaz
15:37:24,784 (main) INFO  [uniandes.isis2304.parranderos.interfazApp.InterfazEPSAndesApp] - Se aplica configuración indicada en el archivo de configuración
15:42:02,622 (main) INFO  [uniandes.isis2304.parranderos.interfazApp.InterfazEPSAndesApp] - Se encontró un archivo de configuración válido: Interfaz
15:42:02,624 (main) INFO  [uniandes.isis2304.parranderos.interfazApp.InterfazEPSAndesApp] - Se aplica configuración indicada en el archivo de configuración
15:43:33,609 (main) INFO  [uniandes.isis2304.parranderos.interfazApp.InterfazEPSAndesApp] - Se encontró un archivo de configuración válido: Interfaz
15:43:33,610 (main) INFO  [uniandes.isis2304.parranderos.interfazApp.InterfazEPSAndesApp] - Se aplica configuración indicada en el archivo de configuración
15:44:39,867 (main) INFO  [uniandes.isis2304.parranderos.interfazApp.InterfazEPSAndesApp] - Se encontró un archivo de configuración válido: Interfaz
15:44:39,868 (main) INFO  [uniandes.isis2304.parranderos.interfazApp.InterfazEPSAndesApp] - Se aplica configuración indicada en el archivo de configuración
15:44:53,282 (main) INFO  [uniandes.isis2304.parranderos.interfazApp.InterfazEPSAndesApp] - Se encontró un archivo de configuración válido: Interfaz
15:44:53,283 (main) INFO  [uniandes.isis2304.parranderos.interfazApp.InterfazEPSAndesApp] - Se aplica configuración indicada en el archivo de configuración
15:44:53,393 (main) INFO  [uniandes.isis2304.parranderos.interfazApp.InterfazEPSAndesApp] - Se encontró un archivo de configuración válido: Tablas BD
15:45:18,124 (main) INFO  [uniandes.isis2304.parranderos.interfazApp.InterfazEPSAndesApp] - Se encontró un archivo de configuración válido: Interfaz
15:45:18,125 (main) INFO  [uniandes.isis2304.parranderos.interfazApp.InterfazEPSAndesApp] - Se aplica configuración indicada en el archivo de configuración
15:45:18,235 (main) INFO  [uniandes.isis2304.parranderos.interfazApp.InterfazEPSAndesApp] - Se encontró un archivo de configuración válido: Tablas BD
15:47:00,024 (main) INFO  [uniandes.isis2304.parranderos.interfazApp.InterfazEPSAndesApp] - Se encontró un archivo de configuración válido: Interfaz
15:47:00,026 (main) INFO  [uniandes.isis2304.parranderos.interfazApp.InterfazEPSAndesApp] - Se aplica configuración indicada en el archivo de configuración
15:47:00,067 (main) INFO  [uniandes.isis2304.parranderos.interfazApp.InterfazEPSAndesApp] - Se encontró un archivo de configuración válido: Tablas BD
15:48:08,497 (main) INFO  [uniandes.isis2304.parranderos.interfazApp.InterfazEPSAndesApp] - Se encontró un archivo de configuración válido: Interfaz
15:48:08,498 (main) INFO  [uniandes.isis2304.parranderos.interfazApp.InterfazEPSAndesApp] - Se aplica configuración indicada en el archivo de configuración
15:48:08,531 (main) INFO  [uniandes.isis2304.parranderos.interfazApp.InterfazEPSAndesApp] - Se encontró un archivo de configuración válido: Tablas BD
15:48:13,738 (main) INFO  [uniandes.isis2304.parranderos.interfazApp.InterfazEPSAndesApp] - Se encontró un archivo de configuración válido: Interfaz
15:48:13,739 (main) INFO  [uniandes.isis2304.parranderos.interfazApp.InterfazEPSAndesApp] - Se aplica configuración indicada en el archivo de configuración
15:48:13,771 (main) INFO  [uniandes.isis2304.parranderos.interfazApp.InterfazEPSAndesApp] - Se encontró un archivo de configuración válido: Tablas BD
15:48:29,230 (main) INFO  [uniandes.isis2304.parranderos.interfazApp.InterfazEPSAndesApp] - Se encontró un archivo de configuración válido: Interfaz
15:48:29,231 (main) INFO  [uniandes.isis2304.parranderos.interfazApp.InterfazEPSAndesApp] - Se aplica configuración indicada en el archivo de configuración
15:48:29,260 (main) INFO  [uniandes.isis2304.parranderos.interfazApp.InterfazEPSAndesApp] - Se encontró un archivo de configuración válido: Tablas BD
15:49:29,939 (main) INFO  [uniandes.isis2304.parranderos.interfazApp.InterfazEPSAndesApp] - Se encontró un archivo de configuración válido: Interfaz
15:49:29,941 (main) INFO  [uniandes.isis2304.parranderos.interfazApp.InterfazEPSAndesApp] - Se aplica configuración indicada en el archivo de configuración
15:49:29,974 (main) INFO  [uniandes.isis2304.parranderos.interfazApp.InterfazEPSAndesApp] - Se encontró un archivo de configuración válido: Tablas BD
15:49:42,348 (main) INFO  [uniandes.isis2304.parranderos.interfazApp.InterfazEPSAndesApp] - Se encontró un archivo de configuración válido: Interfaz
15:49:42,349 (main) INFO  [uniandes.isis2304.parranderos.interfazApp.InterfazEPSAndesApp] - Se aplica configuración indicada en el archivo de configuración
15:49:42,379 (main) INFO  [uniandes.isis2304.parranderos.interfazApp.InterfazEPSAndesApp] - Se encontró un archivo de configuración válido: Tablas BD
15:49:52,899 (main) INFO  [uniandes.isis2304.parranderos.interfazApp.InterfazEPSAndesApp] - Se encontró un archivo de configuración válido: Interfaz
15:49:52,901 (main) INFO  [uniandes.isis2304.parranderos.interfazApp.InterfazEPSAndesApp] - Se aplica configuración indicada en el archivo de configuración
15:49:52,932 (main) INFO  [uniandes.isis2304.parranderos.interfazApp.InterfazEPSAndesApp] - Se encontró un archivo de configuración válido: Tablas BD
15:50:15,919 (main) INFO  [uniandes.isis2304.parranderos.interfazApp.InterfazEPSAndesApp] - Se encontró un archivo de configuración válido: Interfaz
15:50:15,920 (main) INFO  [uniandes.isis2304.parranderos.interfazApp.InterfazEPSAndesApp] - Se aplica configuración indicada en el archivo de configuración
15:50:15,949 (main) INFO  [uniandes.isis2304.parranderos.interfazApp.InterfazEPSAndesApp] - Se encontró un archivo de configuración válido: Tablas BD
15:51:10,091 (main) INFO  [uniandes.isis2304.parranderos.interfazApp.InterfazEPSAndesApp] - Se encontró un archivo de configuración válido: Interfaz
15:51:10,092 (main) INFO  [uniandes.isis2304.parranderos.interfazApp.InterfazEPSAndesApp] - Se aplica configuración indicada en el archivo de configuración
15:51:10,122 (main) INFO  [uniandes.isis2304.parranderos.interfazApp.InterfazEPSAndesApp] - Se encontró un archivo de configuración válido: Tablas BD
15:52:27,468 (main) INFO  [uniandes.isis2304.parranderos.interfazApp.InterfazEPSAndesApp] - Se encontró un archivo de configuración válido: Interfaz
15:52:27,469 (main) INFO  [uniandes.isis2304.parranderos.interfazApp.InterfazEPSAndesApp] - Se aplica configuración indicada en el archivo de configuración
15:52:27,498 (main) INFO  [uniandes.isis2304.parranderos.interfazApp.InterfazEPSAndesApp] - Se encontró un archivo de configuración válido: Tablas BD
15:52:48,289 (main) INFO  [uniandes.isis2304.parranderos.interfazApp.InterfazEPSAndesApp] - Se encontró un archivo de configuración válido: Interfaz
15:52:48,290 (main) INFO  [uniandes.isis2304.parranderos.interfazApp.InterfazEPSAndesApp] - Se aplica configuración indicada en el archivo de configuración
15:52:48,318 (main) INFO  [uniandes.isis2304.parranderos.interfazApp.InterfazEPSAndesApp] - Se encontró un archivo de configuración válido: Tablas BD
15:55:04,822 (main) INFO  [uniandes.isis2304.parranderos.interfazApp.InterfazEPSAndesApp] - Se encontró un archivo de configuración válido: Interfaz
15:55:04,825 (main) INFO  [uniandes.isis2304.parranderos.interfazApp.InterfazEPSAndesApp] - Se aplica configuración indicada en el archivo de configuración
15:55:04,854 (main) INFO  [uniandes.isis2304.parranderos.interfazApp.InterfazEPSAndesApp] - Se encontró un archivo de configuración válido: Tablas BD
15:56:42,914 (main) INFO  [uniandes.isis2304.parranderos.interfazApp.InterfazEPSAndesApp] - Se encontró un archivo de configuración válido: Interfaz
15:56:42,917 (main) INFO  [uniandes.isis2304.parranderos.interfazApp.InterfazEPSAndesApp] - Se aplica configuración indicada en el archivo de configuración
15:56:42,947 (main) INFO  [uniandes.isis2304.parranderos.interfazApp.InterfazEPSAndesApp] - Se encontró un archivo de configuración válido: Tablas BD
15:56:56,340 (main) INFO  [uniandes.isis2304.parranderos.interfazApp.InterfazEPSAndesApp] - Se encontró un archivo de configuración válido: Interfaz
15:56:56,342 (main) INFO  [uniandes.isis2304.parranderos.interfazApp.InterfazEPSAndesApp] - Se aplica configuración indicada en el archivo de configuración
15:56:56,370 (main) INFO  [uniandes.isis2304.parranderos.interfazApp.InterfazEPSAndesApp] - Se encontró un archivo de configuración válido: Tablas BD
15:58:22,023 (main) INFO  [uniandes.isis2304.parranderos.interfazApp.InterfazEPSAndesApp] - Se encontró un archivo de configuración válido: Interfaz
15:58:22,025 (main) INFO  [uniandes.isis2304.parranderos.interfazApp.InterfazEPSAndesApp] - Se aplica configuración indicada en el archivo de configuración
15:58:22,050 (main) INFO  [uniandes.isis2304.parranderos.interfazApp.InterfazEPSAndesApp] - Se encontró un archivo de configuración válido: Tablas BD
15:58:26,834 (main) INFO  [uniandes.isis2304.parranderos.interfazApp.InterfazEPSAndesApp] - Se encontró un archivo de configuración válido: Interfaz
15:58:26,836 (main) INFO  [uniandes.isis2304.parranderos.interfazApp.InterfazEPSAndesApp] - Se aplica configuración indicada en el archivo de configuración
15:58:26,864 (main) INFO  [uniandes.isis2304.parranderos.interfazApp.InterfazEPSAndesApp] - Se encontró un archivo de configuración válido: Tablas BD
15:58:50,739 (main) INFO  [uniandes.isis2304.parranderos.interfazApp.InterfazEPSAndesApp] - Se encontró un archivo de configuración válido: Interfaz
15:58:50,741 (main) INFO  [uniandes.isis2304.parranderos.interfazApp.InterfazEPSAndesApp] - Se aplica configuración indicada en el archivo de configuración
15:58:50,768 (main) INFO  [uniandes.isis2304.parranderos.interfazApp.InterfazEPSAndesApp] - Se encontró un archivo de configuración válido: Tablas BD
16:05:37,781 (main) INFO  [uniandes.isis2304.parranderos.interfazApp.InterfazEPSAndesApp] - Se encontró un archivo de configuración válido: Interfaz
16:05:37,815 (main) INFO  [uniandes.isis2304.parranderos.interfazApp.InterfazEPSAndesApp] - Se aplica configuración indicada en el archivo de configuración
16:05:37,843 (main) INFO  [uniandes.isis2304.parranderos.interfazApp.InterfazEPSAndesApp] - Se encontró un archivo de configuración válido: Tablas BD
16:12:43,725 (main) INFO  [uniandes.isis2304.parranderos.interfazApp.InterfazEPSAndesApp] - Se encontró un archivo de configuración válido: Interfaz
16:12:43,727 (main) INFO  [uniandes.isis2304.parranderos.interfazApp.InterfazEPSAndesApp] - Se aplica configuración indicada en el archivo de configuración
16:12:43,759 (main) INFO  [uniandes.isis2304.parranderos.interfazApp.InterfazEPSAndesApp] - Se encontró un archivo de configuración válido: Tablas BD
16:15:01,076 (main) INFO  [uniandes.isis2304.parranderos.interfazApp.InterfazEPSAndesApp] - Se encontró un archivo de configuración válido: Interfaz
16:15:01,078 (main) INFO  [uniandes.isis2304.parranderos.interfazApp.InterfazEPSAndesApp] - Se aplica configuración indicada en el archivo de configuración
16:15:01,109 (main) INFO  [uniandes.isis2304.parranderos.interfazApp.InterfazEPSAndesApp] - Se encontró un archivo de configuración válido: Tablas BD
16:37:59,319 (main) INFO  [uniandes.isis2304.parranderos.interfazApp.InterfazEPSAndesApp] - Se encontró un archivo de configuración válido: Interfaz
16:37:59,322 (main) INFO  [uniandes.isis2304.parranderos.interfazApp.InterfazEPSAndesApp] - Se aplica configuración indicada en el archivo de configuración
16:37:59,352 (main) INFO  [uniandes.isis2304.parranderos.interfazApp.InterfazEPSAndesApp] - Se encontró un archivo de configuración válido: Tablas BD
